0 info it worked if it ends with ok
1 verbose cli [ '/usr/local/bin/node', '/usr/local/bin/npm', 'publish' ]
2 info using npm@3.10.10
3 info using node@v6.11.0
4 verbose publish [ '.' ]
5 silly cache add args [ '.', null ]
6 verbose cache add spec .
7 silly cache add parsed spec Result {
7 silly cache add   raw: '.',
7 silly cache add   scope: null,
7 silly cache add   escapedName: null,
7 silly cache add   name: null,
7 silly cache add   rawSpec: '.',
7 silly cache add   spec: '/Users/tostegroo/Sites/rivescript-nginb-js',
7 silly cache add   type: 'directory' }
8 verbose addLocalDirectory /Users/tostegroo/.npm/rivescript-nginb-js/0.2.5/package.tgz not in flight; packing
9 verbose correctMkdir /Users/tostegroo/.npm correctMkdir not in flight; initializing
10 info lifecycle rivescript-nginb-js@0.2.5~prepublish: rivescript-nginb-js@0.2.5
11 silly lifecycle rivescript-nginb-js@0.2.5~prepublish: no script for prepublish, continuing
12 verbose tar pack [ '/Users/tostegroo/.npm/rivescript-nginb-js/0.2.5/package.tgz',
12 verbose tar pack   '/Users/tostegroo/Sites/rivescript-nginb-js' ]
13 verbose tarball /Users/tostegroo/.npm/rivescript-nginb-js/0.2.5/package.tgz
14 verbose folder /Users/tostegroo/Sites/rivescript-nginb-js
15 verbose addLocalTarball adding from inside cache /Users/tostegroo/.npm/rivescript-nginb-js/0.2.5/package.tgz
16 verbose correctMkdir /Users/tostegroo/.npm correctMkdir not in flight; initializing
17 silly cache afterAdd rivescript-nginb-js@0.2.5
18 verbose afterAdd /Users/tostegroo/.npm/rivescript-nginb-js/0.2.5/package/package.json not in flight; writing
19 verbose correctMkdir /Users/tostegroo/.npm correctMkdir not in flight; initializing
20 verbose afterAdd /Users/tostegroo/.npm/rivescript-nginb-js/0.2.5/package/package.json written
21 silly publish { name: 'rivescript-nginb-js',
21 silly publish   version: '0.2.5',
21 silly publish   description: 'A Rivescript-Node engine to make bots interaction with Facebook Messenger and Databases easier',
21 silly publish   keywords: [ 'rivescript', 'bot', 'engine', 'chatbot' ],
21 silly publish   homepage: 'https://github.com/tostegroo/rivescript-nginb-js',
21 silly publish   author:
21 silly publish    { name: 'Fabio Toste',
21 silly publish      email: 'tostegroo@gmail.com',
21 silly publish      url: 'http://fabiottoste.com' },
21 silly publish   contributors: [],
21 silly publish   main: 'index.js',
21 silly publish   repository:
21 silly publish    { type: 'git',
21 silly publish      url: 'git+https://github.com/tostegroo/rivescript-nginb-js.git' },
21 silly publish   license: '(MIT OR Apache-2.0)',
21 silly publish   licenses:
21 silly publish    [ { type: 'MIT',
21 silly publish        url: 'https://github.com/tostegroo/rivescript-nginb-js/blob/master/LICENSE' } ],
21 silly publish   bugs:
21 silly publish    { url: 'https://github.com/tostegroo/rivescript-nginb-js/issues',
21 silly publish      email: 'tostegroo@gmail.com' },
21 silly publish   dependencies:
21 silly publish    { bluebird: '^3.5.0',
21 silly publish      'easy-mysql-promise': '^0.1.2',
21 silly publish      fs: '0.0.2',
21 silly publish      jexl: '^1.1.4',
21 silly publish      'json-bigint': '^0.2.0',
21 silly publish      'node-cron': '^1.1.2',
21 silly publish      request: '^2.83.0',
21 silly publish      rivescript: '^1.16.0' },
21 silly publish   devDependencies:
21 silly publish    { eslint: '4.6.1',
21 silly publish      'eslint-plugin-node': '5.1.1',
21 silly publish      'eslint-plugin-security': '^1.4.0',
21 silly publish      grunt: '>=0.4.5',
21 silly publish      'grunt-contrib-clean': '^1.0.0',
21 silly publish      'grunt-contrib-watch': '>=0.6.1',
21 silly publish      'grunt-eslint': '^20.1.0',
21 silly publish      'grunt-jsdoc': '^2.1.0',
21 silly publish      'grunt-nsp': '^2.3.1',
21 silly publish      'grunt-publish': '^1.0.0',
21 silly publish      husky: '^0.14.3',
21 silly publish      jsdoc: '^3.4.3',
21 silly publish      'lint-staged': '^4.2.3',
21 silly publish      'pre-push': '^0.1.1',
21 silly publish      'toast-jsdoc': '^1.0.0' },
21 silly publish   'pre-push': [ 'js-lint' ],
21 silly publish   'lint-staged': { '*.js': [ 'eslint --fix', 'git add' ] },
21 silly publish   scripts:
21 silly publish    { precommit: 'lint-staged',
21 silly publish      'js-lint': 'eslint \'./**/*.js\' -c ./.eslintrc --quiet --ignore-pattern .gitignore' },
21 silly publish   readme: 'rivescript-nginb-js\n==================\n\nA Rivescript-Node engine to make bots interaction with Facebook Messenger and Databases easier\n\n## Uses\n\n[Rivescript](https://www.rivescript.com)\n\n## Install\n\n```bash\n$> npm install --save rivescript-nginb-js\n```\n\n## Usage\n\n```bash\nvar bot = require(\'rivescript-nginb-js\');\n\nvar mybot = new bot(\n{\n\tenv: \'dev\',\n\tinstances:\n\t[\n\t\t{\n\t\t\tlanguage: "en",\n\t\t\tpath: path.join(__dirname, "brains/en"),\n\t\t\tconfig:\n\t\t\t{\n\t\t\t\tutf8: true,\n\t            errors:\n\t\t\t\t{\n\t                replyNotMatched: "",\n\t                replyNotFound: "",\n\t                objectNotFound: "[ERR: Object not found]",\n\t                deepRecursion: "ERR"\n\t            },\n\t\t\t\tunicodePunctuation: new RegExp(/[.,!?;:]/g)\n\t\t\t},\n\t\t\tvariables: require(\'./{{custom_path}}/variables\')\n\t\t},\n\t\t{\n\t\t\tlanguage: "pt",\n\t\t\tpath: path.join(__dirname, "brains/pt"),\n\t\t\tconfig:\n\t\t\t{\n\t\t\t\tutf8: true,\n\t\t\t\tunicodePunctuation: new RegExp(/[.,!?;:]/g)\n\t\t\t},\n\t\t\tvariables: require(\'./{{custom_path}}/variables\')\n\t\t}\n\t],\n\tassets_url: environment.ASSETS_URL,\n\tscripts: scripts,\n\tattachments: require(\'./{{custom_path}}/attachments\'),\n\tmenus: require(\'./{{custom_path}}/menus\'),\n\ttexts: require(\'./{{custom_path}}/texts\'),\n\thumanization: require(\'./{{custom_path}}/humanization\'),\n\tcustom_user: require(\'./{{custom_controllers_path}}/userctl\'),\n\tdispatcher:\n\t{\n\t\ttime: \'*/10 * * * * *\',\n\t\tfunction: {{some function}}\n\t},\n\tdatabase:\n\t{\n\t\tconfig: {{database config}},\n\t\tuser_table: \'tbl_user\',\n\t\tpages_table: \'tbl_page\',\n\t\tstorage_table: \'tbl_gamedata\'\n\t},\n\tfacebook:\n\t{\n\t\tsend_to: true,\n\t\tgraph_url: "https://graph.facebook.com",\n\t    version: "v2.8",\n\t    login_appID: "1212312312323123",\n\t    login_appSecret: "",\n\t    verify_token: \'example_is_a_bot\',\n\t\tpages:\n\t\t{\n\t        "1234567897897897":\n\t        {\n\t            language: \'pt\',\n\t            type: \'dev\',\n\t            appID: \'556454897897897897\',\n\t            pageToken: \'EAAQcmN4j260BAIcTx6IZCqqPivN6wnAd4uqMWUy58Ik9jxcZBiASda12Nacjkd...\',\n\t        }\n\t    }\n\t},\n\tbotconfig:\n\t{\n\t\tuse_permanent_bot_user: true,\n\t    typing_delay: true,\n\t    typing_time: 30,\n\t    time_for_typing_on: 3500,\n\t    humanize: true,\n\t    humanize_subs: false,\n\t    typing_error_chance: 0\n\t}\n});\n```\n\n## Documentation\n\nYou can see the complete documentation [here](https://tostegroo.github.io/rivescript-nginb-js) and in the [template-files](https://github.com/tostegroo/rivescript-nginb-js/tree/master/template-files) folder you can find all files used in configuration\n\n## How to build documentation\n\nThis project uses [grunt](https://github.com/gruntjs/grunt), [jsdoc](http://usejsdoc.org) and [toast](https://github.com/tostegroo/toast) jsdoc theme for documentation\n\nIf you don\'t already have Node.js and NPM, go install them. Then, in the folder where you have cloned\nthe repository, install the build dependencies using npm:\n\n```\n$> npm install\n```\n\nThen, to build the documentation and watch for modifications, run:\n\n```\n$> grunt dev\n```\n\nThen, to build the final documentation run:\n\n```\n$> grunt dist\n```\n\n## Licence\nThe MIT License (MIT)\n\nCopyright (c) 2017 Fabio Toste\n\nPermission is hereby granted, free of charge, to any person obtaining a copy\nof this software and associated documentation files (the "Software"), to deal\nin the Software without restriction, including without limitation the rights\nto use, copy, modify, merge, publish, distribute, sublicense, and/or sell\ncopies of the Software, and to permit persons to whom the Software is\nfurnished to do so, subject to the following conditions:\n\nThe above copyright notice and this permission notice shall be included in all\ncopies or substantial portions of the Software.\n\nTHE SOFTWARE IS PROVIDED "AS IS", WITHOUT WARRANTY OF ANY KIND, EXPRESS OR\nIMPLIED, INCLUDING BUT NOT LIMITED TO THE WARRANTIES OF MERCHANTABILITY,\nFITNESS FOR A PARTICULAR PURPOSE AND NONINFRINGEMENT. IN NO EVENT SHALL THE\nAUTHORS OR COPYRIGHT HOLDERS BE LIABLE FOR ANY CLAIM, DAMAGES OR OTHER\nLIABILITY, WHETHER IN AN ACTION OF CONTRACT, TORT OR OTHERWISE, ARISING FROM,\nOUT OF OR IN CONNECTION WITH THE SOFTWARE OR THE USE OR OTHER DEALINGS IN THE\nSOFTWARE.\n',
21 silly publish   readmeFilename: 'README.md',
21 silly publish   gitHead: 'c9d54725c6b11d85e5cbea943aa764494512d6db',
21 silly publish   _id: 'rivescript-nginb-js@0.2.5',
21 silly publish   _shasum: 'ccd5b37fe14a3396eea23d353621df745c52acb9',
21 silly publish   _from: '.' }
22 verbose getPublishConfig undefined
23 silly mapToRegistry name rivescript-nginb-js
24 silly mapToRegistry using default registry
25 silly mapToRegistry registry https://registry.npmjs.org/
26 silly mapToRegistry data Result {
26 silly mapToRegistry   raw: 'rivescript-nginb-js',
26 silly mapToRegistry   scope: null,
26 silly mapToRegistry   escapedName: 'rivescript-nginb-js',
26 silly mapToRegistry   name: 'rivescript-nginb-js',
26 silly mapToRegistry   rawSpec: '',
26 silly mapToRegistry   spec: 'latest',
26 silly mapToRegistry   type: 'tag' }
27 silly mapToRegistry uri https://registry.npmjs.org/rivescript-nginb-js
28 verbose publish registryBase https://registry.npmjs.org/
29 silly publish uploading /Users/tostegroo/.npm/rivescript-nginb-js/0.2.5/package.tgz
30 verbose request uri https://registry.npmjs.org/rivescript-nginb-js
31 verbose request sending authorization for write operation
32 info attempt registry request try #1 at 2:27:18 AM
33 verbose request using bearer token for auth
34 verbose request id 6689d069196dfeb4
35 http request PUT https://registry.npmjs.org/rivescript-nginb-js
36 http 403 https://registry.npmjs.org/rivescript-nginb-js
37 verbose headers { 'content-type': 'application/json',
37 verbose headers   'cache-control': 'max-age=300',
37 verbose headers   'content-length': '91',
37 verbose headers   'accept-ranges': 'bytes',
37 verbose headers   date: 'Mon, 02 Oct 2017 05:27:21 GMT',
37 verbose headers   via: '1.1 varnish',
37 verbose headers   connection: 'keep-alive',
37 verbose headers   'x-served-by': 'cache-gru17123-GRU',
37 verbose headers   'x-cache': 'MISS',
37 verbose headers   'x-cache-hits': '0',
37 verbose headers   'x-timer': 'S1506922039.128420,VS0,VE1883',
37 verbose headers   vary: 'Accept-Encoding, Accept' }
38 verbose request invalidating /Users/tostegroo/.npm/registry.npmjs.org/rivescript-nginb-js on PUT
39 error publish Failed PUT 403
40 verbose stack Error: You cannot publish over the previously published version 0.2.5. : rivescript-nginb-js
40 verbose stack     at makeError (/usr/local/lib/node_modules/npm/node_modules/npm-registry-client/lib/request.js:302:12)
40 verbose stack     at CachingRegistryClient.<anonymous> (/usr/local/lib/node_modules/npm/node_modules/npm-registry-client/lib/request.js:290:14)
40 verbose stack     at Request._callback (/usr/local/lib/node_modules/npm/node_modules/npm-registry-client/lib/request.js:210:14)
40 verbose stack     at Request.self.callback (/usr/local/lib/node_modules/npm/node_modules/request/request.js:187:22)
40 verbose stack     at emitTwo (events.js:106:13)
40 verbose stack     at Request.emit (events.js:191:7)
40 verbose stack     at Request.<anonymous> (/usr/local/lib/node_modules/npm/node_modules/request/request.js:1048:10)
40 verbose stack     at emitOne (events.js:96:13)
40 verbose stack     at Request.emit (events.js:188:7)
40 verbose stack     at IncomingMessage.<anonymous> (/usr/local/lib/node_modules/npm/node_modules/request/request.js:969:12)
41 verbose statusCode 403
42 verbose pkgid rivescript-nginb-js
43 verbose cwd /Users/tostegroo/Sites/rivescript-nginb-js
44 error Darwin 16.7.0
45 error argv "/usr/local/bin/node" "/usr/local/bin/npm" "publish"
46 error node v6.11.0
47 error npm  v3.10.10
48 error code E403
49 error You cannot publish over the previously published version 0.2.5. : rivescript-nginb-js
50 error If you need help, you may report this error at:
50 error     <https://github.com/npm/npm/issues>
51 verbose exit [ 1, true ]
